2023-04-02 20:26:11 INFO [com.example.yin.YinMusicApplication]: Starting YinMusicApplication using Java 18.0.2.1 on DESKTOP-OJA75GG with PID 14384 (C:\Users\WXY\Desktop\xc-music\music-server\target\classes started by WXY in C:\Users\WXY\Desktop\xc-music\music-server)
2023-04-02 20:26:11 INFO [com.example.yin.YinMusicApplication]: No active profile set, falling back to default profiles: default
2023-04-02 20:26:11 INFO [org.springframework.boot.devtools.env.DevToolsPropertyDefaultsPostProcessor]: Devtools property defaults active! Set 'spring.devtools.add-properties' to 'false' to disable
2023-04-02 20:26:11 INFO [org.springframework.boot.devtools.env.DevToolsPropertyDefaultsPostProcessor]: For additional web related logging consider setting the 'logging.level.web' property to 'DEBUG'
2023-04-02 20:26:11 INFO [org.springframework.data.repository.config.RepositoryConfigurationDelegate]: Bootstrapping Spring Data JPA repositories in DEFAULT mode.
2023-04-02 20:26:11 INFO [org.springframework.data.repository.config.RepositoryConfigurationDelegate]: Finished Spring Data repository scanning in 12 ms. Found 0 JPA repository interfaces.
2023-04-02 20:26:12 INFO [org.springframework.boot.web.embedded.tomcat.TomcatWebServer]: Tomcat initialized with port(s): 8888 (http)
2023-04-02 20:26:12 INFO [org.springframework.boot.web.servlet.context.ServletWebServerApplicationContext]: Root WebApplicationContext: initialization completed in 1262 ms
2023-04-02 20:26:12 INFO [com.zaxxer.hikari.HikariDataSource]: HikariPool-1 - Starting...
2023-04-02 20:26:12 INFO [com.zaxxer.hikari.HikariDataSource]: HikariPool-1 - Start completed.
2023-04-02 20:26:12 INFO [org.hibernate.jpa.internal.util.LogHelper]: HHH000204: Processing PersistenceUnitInfo [name: default]
2023-04-02 20:26:12 INFO [org.hibernate.Version]: HHH000412: Hibernate ORM core version 5.6.3.Final
2023-04-02 20:26:13 INFO [org.hibernate.annotations.common.Version]: HCANN000001: Hibernate Commons Annotations {5.1.2.Final}
2023-04-02 20:26:13 INFO [org.hibernate.dialect.Dialect]: HHH000400: Using dialect: org.hibernate.dialect.MySQL8Dialect
2023-04-02 20:26:13 INFO [org.hibernate.engine.transaction.jta.platform.internal.JtaPlatformInitiator]: HHH000490: Using JtaPlatform implementation: [org.hibernate.engine.transaction.jta.platform.internal.NoJtaPlatform]
2023-04-02 20:26:13 INFO [org.springframework.orm.jpa.LocalContainerEntityManagerFactoryBean]: Initialized JPA EntityManagerFactory for persistence unit 'default'
2023-04-02 20:26:13 WARN [org.springframework.boot.autoconfigure.orm.jpa.JpaBaseConfiguration$JpaWebConfiguration]: spring.jpa.open-in-view is enabled by default. Therefore, database queries may be performed during view rendering. Explicitly configure spring.jpa.open-in-view to disable this warning
2023-04-02 20:26:14 WARN [org.springframework.boot.autoconfigure.thymeleaf.ThymeleafAutoConfiguration$DefaultTemplateResolverConfiguration]: Cannot find template location: classpath:/templates/ (please add some templates or check your Thymeleaf configuration)
2023-04-02 20:26:14 INFO [org.springframework.boot.devtools.autoconfigure.OptionalLiveReloadServer]: LiveReload server is running on port 35729
2023-04-02 20:26:14 INFO [org.springframework.boot.web.embedded.tomcat.TomcatWebServer]: Tomcat started on port(s): 8888 (http) with context path ''
2023-04-02 20:26:14 INFO [com.example.yin.YinMusicApplication]: Started YinMusicApplication in 3.876 seconds (JVM running for 6.047)
2023-04-02 20:45:41 INFO [org.springframework.web.servlet.DispatcherServlet]: Initializing Servlet 'dispatcherServlet'
2023-04-02 20:45:41 INFO [org.springframework.web.servlet.DispatcherServlet]: Completed initialization in 8 ms
2023-04-02 20:45:41 WARN [org.springframework.web.servlet.mvc.support.DefaultHandlerExceptionResolver]: Resolved [org.springframework.web.bind.MissingServletRequestParameterException: Required request parameter 'uid' for method parameter type Integer is not present]
2023-04-02 20:45:43 WARN [org.springframework.web.servlet.mvc.support.DefaultHandlerExceptionResolver]: Resolved [org.springframework.web.bind.MissingServletRequestParameterException: Required request parameter 'uid' for method parameter type Integer is not present]
2023-04-02 20:45:58 WARN [org.springframework.web.servlet.mvc.support.DefaultHandlerExceptionResolver]: Resolved [org.springframework.web.bind.MissingServletRequestParameterException: Required request parameter 'uid' for method parameter type Integer is not present]
2023-04-02 20:46:00 WARN [org.springframework.web.servlet.mvc.support.DefaultHandlerExceptionResolver]: Resolved [org.springframework.web.bind.MissingServletRequestParameterException: Required request parameter 'uid' for method parameter type Integer is not present]
2023-04-02 20:46:13 WARN [org.springframework.web.servlet.mvc.support.DefaultHandlerExceptionResolver]: Resolved [org.springframework.web.bind.MissingServletRequestParameterException: Required request parameter 'uid' for method parameter type Integer is not present]
2023-04-02 20:46:15 WARN [org.springframework.web.servlet.mvc.support.DefaultHandlerExceptionResolver]: Resolved [org.springframework.web.bind.MissingServletRequestParameterException: Required request parameter 'uid' for method parameter type Integer is not present]
2023-04-02 20:46:21 WARN [org.springframework.web.servlet.mvc.support.DefaultHandlerExceptionResolver]: Resolved [org.springframework.web.bind.MissingServletRequestParameterException: Required request parameter 'uid' for method parameter type Integer is not present]
2023-04-02 20:46:47 WARN [org.springframework.web.servlet.mvc.support.DefaultHandlerExceptionResolver]: Resolved [org.springframework.web.bind.MissingServletRequestParameterException: Required request parameter 'uid' for method parameter type Integer is not present]
2023-04-02 20:47:32 WARN [org.springframework.web.servlet.mvc.support.DefaultHandlerExceptionResolver]: Resolved [org.springframework.web.bind.MissingServletRequestParameterException: Required request parameter 'uid' for method parameter type Integer is not present]
2023-04-02 20:47:34 WARN [org.springframework.web.servlet.mvc.support.DefaultHandlerExceptionResolver]: Resolved [org.springframework.web.bind.MissingServletRequestParameterException: Required request parameter 'uid' for method parameter type Integer is not present]
2023-04-02 20:47:38 WARN [org.springframework.web.servlet.mvc.support.DefaultHandlerExceptionResolver]: Resolved [org.springframework.web.bind.MissingServletRequestParameterException: Required request parameter 'uid' for method parameter type Integer is not present]
